#
# There is insufficient memory for the Java Runtime Environment to continue.
# Native memory allocation (mmap) failed to map 65536 bytes for Failed to commit metaspace.
# Possible reasons:
#   The system is out of physical RAM or swap space
#   The process is running with CompressedOops enabled, and the Java Heap may be blocking the growth of the native heap
# Possible solutions:
#   Reduce memory load on the system
#   Increase physical memory or swap space
#   Check if swap backing store is full
#   Decrease Java heap size (-Xmx/-Xms)
#   Decrease number of Java threads
#   Decrease Java thread stack sizes (-Xss)
#   Set larger code cache with -XX:ReservedCodeCacheSize=
#   JVM is running with Zero Based Compressed Oops mode in which the Java heap is
#     placed in the first 32GB address space. The Java Heap base address is the
#     maximum limit for the native heap growth. Please use -XX:HeapBaseMinAddress
#     to set the Java Heap base and to place the Java Heap above 32GB virtual address.
# This output file may be truncated or incomplete.
#
#  Out of Memory Error (virtualSpaceNode.cpp:110), pid=5488, tid=8076
#
# JRE version: Java(TM) SE Runtime Environment (17.0.8+9) (build 17.0.8+9-LTS-211)
# Java VM: Java HotSpot(TM) 64-Bit Server VM (17.0.8+9-LTS-211, mixed mode, emulated-client, sharing, tiered, compressed oops, compressed class ptrs, g1 gc, windows-amd64)
# No core dump will be written. Minidumps are not enabled by default on client versions of Windows
#

---------------  S U M M A R Y ------------

Command Line: -XX:TieredStopAtLevel=1 -Dspring.output.ansi.enabled=always -Dcom.sun.management.jmxremote -Dspring.jmx.enabled=true -Dspring.liveBeansView.mbeanDomain -Dspring.application.admin.enabled=true -Dmanagement.endpoints.jmx.exposure.include=* -javaagent:C:\Program Files\JetBrains\IntelliJ IDEA 2023.2.2\lib\idea_rt.jar=60110:C:\Program Files\JetBrains\IntelliJ IDEA 2023.2.2\bin -Dfile.encoding=UTF-8 lux.fm.bookingservice.AccommodationBookingServiceApplication

Host: Intel(R) Core(TM) i7-10750H CPU @ 2.60GHz, 6 cores, 15G,  Windows 10 , 64 bit Build 19041 (10.0.19041.292)
Time: Mon Nov 20 20:26:07 2023  Windows 10 , 64 bit Build 19041 (10.0.19041.292) elapsed time: 1.446634 seconds (0d 0h 0m 1s)

---------------  T H R E A D  ---------------

Current thread (0x000002155ea76390):  JavaThread "main" [_thread_in_vm, id=8076, stack(0x000000654f800000,0x000000654f900000)]

Stack: [0x000000654f800000,0x000000654f900000]
Native frames: (J=compiled Java code, j=interpreted, Vv=VM code, C=native code)
V  [jvm.dll+0x677d0a]
V  [jvm.dll+0x7d8c54]
V  [jvm.dll+0x7da3fe]
V  [jvm.dll+0x7daa63]
V  [jvm.dll+0x245c5f]
V  [jvm.dll+0x7d4d5b]
V  [jvm.dll+0x61dcf6]
V  [jvm.dll+0x61dd5a]
V  [jvm.dll+0x62057d]
V  [jvm.dll+0x61e6b6]
V  [jvm.dll+0x628487]
V  [jvm.dll+0x1e9bdd]
V  [jvm.dll+0x1ea1a5]
V  [jvm.dll+0x1eaaeb]
V  [jvm.dll+0x1e02f1]
V  [jvm.dll+0x53ddbc]
V  [jvm.dll+0x1f0c0a]
V  [jvm.dll+0x752b7d]
V  [jvm.dll+0x753f76]
V  [jvm.dll+0x7542a8]
V  [jvm.dll+0x23e01b]
V  [jvm.dll+0x37d84e]
C  0x0000021566329ad7

Java frames: (J=compiled Java code, j=interpreted, Vv=VM code)
j  java.nio.file.FileTreeWalker.visit(Ljava/nio/file/Path;ZZ)Ljava/nio/file/FileTreeWalker$Event;+170 java.base@17.0.8
j  java.nio.file.FileTreeWalker.walk(Ljava/nio/file/Path;)Ljava/nio/file/FileTreeWalker$Event;+21 java.base@17.0.8
j  java.nio.file.FileTreeIterator.<init>(Ljava/nio/file/Path;I[Ljava/nio/file/FileVisitOption;)V+26 java.base@17.0.8
j  java.nio.file.Files.walk(Ljava/nio/file/Path;I[Ljava/nio/file/FileVisitOption;)Ljava/util/stream/Stream;+7 java.base@17.0.8
j  java.nio.file.Files.walk(Ljava/nio/file/Path;[Ljava/nio/file/FileVisitOption;)Ljava/util/stream/Stream;+5 java.base@17.0.8
j  org.springframework.core.io.support.PathMatchingResourcePatternResolver.doFindPathMatchingFileResources(Lorg/springframework/core/io/Resource;Ljava/lang/String;)Ljava/util/Set;+413
j  org.springframework.web.context.support.ServletContextResourcePatternResolver.doFindPathMatchingFileResources(Lorg/springframework/core/io/Resource;Ljava/lang/String;)Ljava/util/Set;+61
j  org.springframework.core.io.support.PathMatchingResourcePatternResolver.findPathMatchingResources(Ljava/lang/String;)[Lorg/springframework/core/io/Resource;+215
j  org.springframework.core.io.support.PathMatchingResourcePatternResolver.getResources(Ljava/lang/String;)[Lorg/springframework/core/io/Resource;+47
j  org.springframework.context.support.AbstractApplicationContext.getResources(Ljava/lang/String;)[Lorg/springframework/core/io/Resource;+5
j  org.springframework.context.support.GenericApplicationContext.getResources(Ljava/lang/String;)[Lorg/springframework/core/io/Resource;+27
j  org.springframework.context.annotation.ClassPathScanningCandidateComponentProvider.scanCandidateComponents(Ljava/lang/String;)Ljava/util/Set;+28
j  org.springframework.context.annotation.ClassPathScanningCandidateComponentProvider.findCandidateComponents(Ljava/lang/String;)Ljava/util/Set;+26
j  org.springframework.context.annotation.ClassPathBeanDefinitionScanner.doScan([Ljava/lang/String;)Ljava/util/Set;+39
j  org.springframework.context.annotation.ComponentScanAnnotationParser.parse(Lorg/springframework/core/annotation/AnnotationAttributes;Ljava/lang/String;)Ljava/util/Set;+508
j  org.springframework.context.annotation.ConfigurationClassParser.doProcessConfigurationClass(Lorg/springframework/context/annotation/ConfigurationClass;Lorg/springframework/context/annotation/ConfigurationClassParser$SourceClass;Ljava/util/function/Predicate;)Lorg/springframework/context/annotation/ConfigurationClassParser$SourceClass;+200
j  org.springframework.context.annotation.ConfigurationClassParser.processConfigurationClass(Lorg/springframework/context/annotation/ConfigurationClass;Ljava/util/function/Predicate;)V+106
j  org.springframework.context.annotation.ConfigurationClassParser.parse(Lorg/springframework/core/type/AnnotationMetadata;Ljava/lang/String;)V+13
j  org.springframework.context.annotation.ConfigurationClassParser.parse(Ljava/util/Set;)V+59
j  org.springframework.context.annotation.ConfigurationClassPostProcessor.processConfigBeanDefinitions(Lorg/springframework/beans/factory/support/BeanDefinitionRegistry;)V+301
j  org.springframework.context.annotation.ConfigurationClassPostProcessor.postProcessBeanDefinitionRegistry(Lorg/springframework/beans/factory/support/BeanDefinitionRegistry;)V+81
j  org.springframework.context.support.PostProcessorRegistrationDelegate.invokeBeanDefinitionRegistryPostProcessors(Ljava/util/Collection;Lorg/springframework/beans/factory/support/BeanDefinitionRegistry;Lorg/springframework/core/metrics/ApplicationStartup;)V+59
j  org.springframework.context.support.PostProcessorRegistrationDelegate.invokeBeanFactoryPostProcessors(Lorg/springframework/beans/factory/config/ConfigurableListableBeanFactory;Ljava/util/List;)V+238
j  org.springframework.context.support.AbstractApplicationContext.invokeBeanFactoryPostProcessors(Lorg/springframework/beans/factory/config/ConfigurableListableBeanFactory;)V+5
j  org.springframework.context.support.AbstractApplicationContext.refresh()V+53
j  org.springframework.boot.web.servlet.context.ServletWebServerApplicationContext.refresh()V+1
j  org.springframework.boot.SpringApplication.refresh(Lorg/springframework/context/ConfigurableApplicationContext;)V+1
j  org.springframework.boot.SpringApplication.refreshContext(Lorg/springframework/context/ConfigurableApplicationContext;)V+16
j  org.springframework.boot.SpringApplication.run([Ljava/lang/String;)Lorg/springframework/context/ConfigurableApplicationContext;+114
j  org.springframework.boot.SpringApplication.run([Ljava/lang/Class;[Ljava/lang/String;)Lorg/springframework/context/ConfigurableApplicationContext;+9
j  org.springframework.boot.SpringApplication.run(Ljava/lang/Class;[Ljava/lang/String;)Lorg/springframework/context/ConfigurableApplicationContext;+9
j  lux.fm.bookingservice.AccommodationBookingServiceApplication.main([Ljava/lang/String;)V+3
v  ~StubRoutines::call_stub

---------------  P R O C E S S  ---------------

Threads class SMR info:
_java_thread_list=0x000002157a5e7020, length=16, elements={
0x000002155ea76390, 0x0000021575180e80, 0x0000021575183d00, 0x0000021575193ea0,
0x0000021575195b20, 0x0000021575198d40, 0x00000215751996e0, 0x00000215751a1880,
0x00000215751a46a0, 0x0000021575199210, 0x000002157545ffb0, 0x00000215754644d0,
0x0000021575199bb0, 0x000002157519a080, 0x0000021575197a00, 0x000002157519aa20
}

Java Threads: ( => current thread )
=>0x000002155ea76390 JavaThread "main" [_thread_in_vm, id=8076, stack(0x000000654f800000,0x000000654f900000)]
  0x0000021575180e80 JavaThread "Reference Handler" daemon [_thread_blocked, id=1852, stack(0x000000654ff00000,0x0000006550000000)]
  0x0000021575183d00 JavaThread "Finalizer" daemon [_thread_blocked, id=15656, stack(0x0000006550000000,0x0000006550100000)]
  0x0000021575193ea0 JavaThread "Signal Dispatcher" daemon [_thread_blocked, id=1716, stack(0x0000006550100000,0x0000006550200000)]
  0x0000021575195b20 JavaThread "Attach Listener" daemon [_thread_blocked, id=660, stack(0x0000006550200000,0x0000006550300000)]
  0x0000021575198d40 JavaThread "Service Thread" daemon [_thread_blocked, id=9228, stack(0x0000006550300000,0x0000006550400000)]
  0x00000215751996e0 JavaThread "Monitor Deflation Thread" daemon [_thread_blocked, id=3448, stack(0x0000006550400000,0x0000006550500000)]
  0x00000215751a1880 JavaThread "C1 CompilerThread0" daemon [_thread_blocked, id=6464, stack(0x0000006550500000,0x0000006550600000)]
  0x00000215751a46a0 JavaThread "Sweeper thread" daemon [_thread_blocked, id=15888, stack(0x0000006550600000,0x0000006550700000)]
  0x0000021575199210 JavaThread "Common-Cleaner" daemon [_thread_blocked, id=14136, stack(0x0000006550700000,0x0000006550800000)]
  0x000002157545ffb0 JavaThread "C1 CompilerThread1" daemon [_thread_blocked, id=16316, stack(0x0000006550800000,0x0000006550900000)]
  0x00000215754644d0 JavaThread "C1 CompilerThread2" daemon [_thread_blocked, id=16260, stack(0x0000006550900000,0x0000006550a00000)]
  0x0000021575199bb0 JavaThread "Monitor Ctrl-Break" daemon [_thread_in_native, id=8984, stack(0x0000006550a00000,0x0000006550b00000)]
  0x000002157519a080 JavaThread "Notification Thread" daemon [_thread_blocked, id=2648, stack(0x0000006550b00000,0x0000006550c00000)]
  0x0000021575197a00 JavaThread "RMI TCP Accept-0" daemon [_thread_in_native, id=6716, stack(0x0000006550c00000,0x0000006550d00000)]
  0x000002157519aa20 JavaThread "background-preinit" [_thread_in_vm, id=15640, stack(0x0000006551400000,0x0000006551500000)]

Other Threads:
  0x0000021575177e70 VMThread "VM Thread" [stack: 0x000000654fe00000,0x000000654ff00000] [id=11760]
  0x0000021575b03f20 WatcherThread [stack: 0x0000006550d00000,0x0000006550e00000] [id=9352]
  0x000002155eae16f0 GCTaskThread "GC Thread#0" [stack: 0x000000654f900000,0x000000654fa00000] [id=14132]
  0x0000021575e28e50 GCTaskThread "GC Thread#1" [stack: 0x0000006550e00000,0x0000006550f00000] [id=13448]
  0x0000021575e29100 GCTaskThread "GC Thread#2" [stack: 0x0000006550f00000,0x0000006551000000] [id=16216]
  0x0000021575e3a930 GCTaskThread "GC Thread#3" [stack: 0x0000006551000000,0x0000006551100000] [id=15468]
  0x0000021575e3d000 GCTaskThread "GC Thread#4" [stack: 0x0000006551100000,0x0000006551200000] [id=6068]
  0x0000021575e3d730 GCTaskThread "GC Thread#5" [stack: 0x0000006551200000,0x0000006551300000] [id=15676]
  0x000002155eaf32d0 ConcurrentGCThread "G1 Main Marker" [stack: 0x000000654fa00000,0x000000654fb00000] [id=388]
  0x000002155eaf4480 ConcurrentGCThread "G1 Conc#0" [stack: 0x000000654fb00000,0x000000654fc00000] [id=15704]
  0x000002155eb3d4f0 ConcurrentGCThread "G1 Refine#0" [stack: 0x000000654fc00000,0x000000654fd00000] [id=14192]
  0x0000021575e68dc0 ConcurrentGCThread "G1 Refine#1" [stack: 0x0000006551300000,0x0000006551400000] [id=4608]
  0x000002155eb3df10 ConcurrentGCThread "G1 Service" [stack: 0x000000654fd00000,0x000000654fe00000] [id=7708]

Threads with active compile tasks:

VM state: not at safepoint (normal execution)

VM Mutex/Monitor currently owned by a thread:  ([mutex/lock_event])
[0x000002155ea71cb0] Metaspace_lock - owner thread: 0x000002155ea76390

Heap address: 0x0000000703600000, size: 4042 MB, Compressed Oops mode: Zero based, Oop shift amount: 3

CDS archive(s) mapped at: [0x0000021500000000-0x0000021500bd0000-0x0000021500bd0000), size 12386304, SharedBaseAddress: 0x0000021500000000, ArchiveRelocationMode: 1.
Compressed class space mapped at: 0x0000021501000000-0x0000021541000000, reserved size: 1073741824
Narrow klass base: 0x0000021500000000, Narrow klass shift: 0, Narrow klass range: 0x100000000

GC Precious Log:
 CPUs: 6 total, 6 available
 Memory: 16166M
 Large Page Support: Disabled
 NUMA Support: Disabled
 Compressed Oops: Enabled (Zero based)
 Heap Region Size: 2M
 Heap Min Capacity: 8M
 Heap Initial Capacity: 254M
 Heap Max Capacity: 4042M
 Pre-touch: Disabled
 Parallel Workers: 6
 Concurrent Workers: 2
 Concurrent Refinement Workers: 6
 Periodic GC: Disabled

Heap:
 garbage-first heap   total 260096K, used 38843K [0x0000000703600000, 0x0000000800000000)
  region size 2048K, 17 young (34816K), 1 survivors (2048K)
 Metaspace       used 14134K, committed 14400K, reserved 1114112K
  class space    used 2041K, committed 2176K, reserved 1048576K

Heap Regions: E=young(eden), S=young(survivor), O=old, HS=humongous(starts), HC=humongous(continues), CS=collection set, F=free, OA=open archive, CA=closed archive, TAMS=top-at-mark-start (previous, next)
|   0|0x0000000703600000, 0x0000000703800000, 0x0000000703800000|100%| O|  |TAMS 0x0000000703600000, 0x0000000703600000| Untracked 
|   1|0x0000000703800000, 0x0000000703a00000, 0x0000000703a00000|100%| O|  |TAMS 0x0000000703800000, 0x0000000703800000| Untracked 
|   2|0x0000000703a00000, 0x0000000703c00000, 0x0000000703c00000|100%| O|  |TAMS 0x0000000703a00000, 0x0000000703a00000| Untracked 
|   3|0x0000000703c00000, 0x0000000703e00000, 0x0000000703e00000|100%| O|  |TAMS 0x0000000703c00000, 0x0000000703c00000| Untracked 
|   4|0x0000000703e00000, 0x0000000703eed400, 0x0000000704000000| 46%| O|  |TAMS 0x0000000703e00000, 0x0000000703e00000| Untracked 
|   5|0x0000000704000000, 0x0000000704000000, 0x0000000704200000|  0%| F|  |TAMS 0x0000000704000000, 0x0000000704000000| Untracked 
|   6|0x0000000704200000, 0x0000000704200000, 0x0000000704400000|  0%| F|  |TAMS 0x0000000704200000, 0x0000000704200000| Untracked 
|   7|0x0000000704400000, 0x0000000704400000, 0x0000000704600000|  0%| F|  |TAMS 0x0000000704400000, 0x0000000704400000| Untracked 
|   8|0x0000000704600000, 0x0000000704600000, 0x0000000704800000|  0%| F|  |TAMS 0x0000000704600000, 0x0000000704600000| Untracked 
|   9|0x0000000704800000, 0x0000000704800000, 0x0000000704a00000|  0%| F|  |TAMS 0x0000000704800000, 0x0000000704800000| Untracked 
|  10|0x0000000704a00000, 0x0000000704a00000, 0x0000000704c00000|  0%| F|  |TAMS 0x0000000704a00000, 0x0000000704a00000| Untracked 
|  11|0x0000000704c00000, 0x0000000704c00000, 0x0000000704e00000|  0%| F|  |TAMS 0x0000000704c00000, 0x0000000704c00000| Untracked 
|  12|0x0000000704e00000, 0x0000000704e00000, 0x0000000705000000|  0%| F|  |TAMS 0x0000000704e00000, 0x0000000704e00000| Untracked 
|  13|0x0000000705000000, 0x0000000705000000, 0x0000000705200000|  0%| F|  |TAMS 0x0000000705000000, 0x0000000705000000| Untracked 
|  14|0x0000000705200000, 0x0000000705200000, 0x0000000705400000|  0%| F|  |TAMS 0x0000000705200000, 0x0000000705200000| Untracked 
|  15|0x0000000705400000, 0x0000000705400000, 0x0000000705600000|  0%| F|  |TAMS 0x0000000705400000, 0x0000000705400000| Untracked 
|  16|0x0000000705600000, 0x0000000705600000, 0x0000000705800000|  0%| F|  |TAMS 0x0000000705600000, 0x0000000705600000| Untracked 
|  17|0x0000000705800000, 0x0000000705800000, 0x0000000705a00000|  0%| F|  |TAMS 0x0000000705800000, 0x0000000705800000| Untracked 
|  18|0x0000000705a00000, 0x0000000705a00000, 0x0000000705c00000|  0%| F|  |TAMS 0x0000000705a00000, 0x0000000705a00000| Untracked 
|  19|0x0000000705c00000, 0x0000000705c00000, 0x0000000705e00000|  0%| F|  |TAMS 0x0000000705c00000, 0x0000000705c00000| Untracked 
|  20|0x0000000705e00000, 0x0000000705e00000, 0x0000000706000000|  0%| F|  |TAMS 0x0000000705e00000, 0x0000000705e00000| Untracked 
|  21|0x0000000706000000, 0x0000000706000000, 0x0000000706200000|  0%| F|  |TAMS 0x0000000706000000, 0x0000000706000000| Untracked 
|  22|0x0000000706200000, 0x0000000706200000, 0x0000000706400000|  0%| F|  |TAMS 0x0000000706200000, 0x0000000706200000| Untracked 
|  23|0x0000000706400000, 0x0000000706400000, 0x0000000706600000|  0%| F|  |TAMS 0x0000000706400000, 0x0000000706400000| Untracked 
|  24|0x0000000706600000, 0x0000000706600000, 0x0000000706800000|  0%| F|  |TAMS 0x0000000706600000, 0x0000000706600000| Untracked 
|  25|0x0000000706800000, 0x0000000706800000, 0x0000000706a00000|  0%| F|  |TAMS 0x0000000706800000, 0x0000000706800000| Untracked 
|  26|0x0000000706a00000, 0x0000000706a00000, 0x0000000706c00000|  0%| F|  |TAMS 0x0000000706a00000, 0x0000000706a00000| Untracked 
|  27|0x0000000706c00000, 0x0000000706c00000, 0x0000000706e00000|  0%| F|  |TAMS 0x0000000706c00000, 0x0000000706c00000| Untracked 
|  28|0x0000000706e00000, 0x0000000706e00000, 0x0000000707000000|  0%| F|  |TAMS 0x0000000706e00000, 0x0000000706e00000| Untracked 
|  29|0x0000000707000000, 0x0000000707000000, 0x0000000707200000|  0%| F|  |TAMS 0x0000000707000000, 0x0000000707000000| Untracked 
|  30|0x0000000707200000, 0x0000000707200000, 0x0000000707400000|  0%| F|  |TAMS 0x0000000707200000, 0x0000000707200000| Untracked 
|  31|0x0000000707400000, 0x0000000707400000, 0x0000000707600000|  0%| F|  |TAMS 0x0000000707400000, 0x0000000707400000| Untracked 
|  32|0x0000000707600000, 0x0000000707600000, 0x0000000707800000|  0%| F|  |TAMS 0x0000000707600000, 0x0000000707600000| Untracked 
|  33|0x0000000707800000, 0x0000000707800000, 0x0000000707a00000|  0%| F|  |TAMS 0x0000000707800000, 0x0000000707800000| Untracked 
|  34|0x0000000707a00000, 0x0000000707a00000, 0x0000000707c00000|  0%| F|  |TAMS 0x0000000707a00000, 0x0000000707a00000| Untracked 
|  35|0x0000000707c00000, 0x0000000707c00000, 0x0000000707e00000|  0%| F|  |TAMS 0x0000000707c00000, 0x0000000707c00000| Untracked 
|  36|0x0000000707e00000, 0x0000000707e00000, 0x0000000708000000|  0%| F|  |TAMS 0x0000000707e00000, 0x0000000707e00000| Untracked 
|  37|0x0000000708000000, 0x0000000708000000, 0x0000000708200000|  0%| F|  |TAMS 0x0000000708000000, 0x0000000708000000| Untracked 
|  38|0x0000000708200000, 0x0000000708200000, 0x0000000708400000|  0%| F|  |TAMS 0x0000000708200000, 0x0000000708200000| Untracked 
|  39|0x0000000708400000, 0x0000000708400000, 0x0000000708600000|  0%| F|  |TAMS 0x0000000708400000, 0x0000000708400000| Untracked 
|  40|0x0000000708600000, 0x0000000708600000, 0x0000000708800000|  0%| F|  |TAMS 0x0000000708600000, 0x0000000708600000| Untracked 
|  41|0x0000000708800000, 0x0000000708800000, 0x0000000708a00000|  0%| F|  |TAMS 0x0000000708800000, 0x0000000708800000| Untracked 
|  42|0x0000000708a00000, 0x0000000708a00000, 0x0000000708c00000|  0%| F|  |TAMS 0x0000000708a00000, 0x0000000708a00000| Untracked 
|  43|0x0000000708c00000, 0x0000000708c00000, 0x0000000708e00000|  0%| F|  |TAMS 0x0000000708c00000, 0x0000000708c00000| Untracked 
|  44|0x0000000708e00000, 0x0000000708e00000, 0x0000000709000000|  0%| F|  |TAMS 0x0000000708e00000, 0x0000000708e00000| Untracked 
|  45|0x0000000709000000, 0x0000000709000000, 0x0000000709200000|  0%| F|  |TAMS 0x0000000709000000, 0x0000000709000000| Untracked 
|  46|0x0000000709200000, 0x0000000709200000, 0x0000000709400000|  0%| F|  |TAMS 0x0000000709200000, 0x0000000709200000| Untracked 
|  47|0x0000000709400000, 0x0000000709400000, 0x0000000709600000|  0%| F|  |TAMS 0x0000000709400000, 0x0000000709400000| Untracked 
|  48|0x0000000709600000, 0x0000000709600000, 0x0000000709800000|  0%| F|  |TAMS 0x0000000709600000, 0x0000000709600000| Untracked 
|  49|0x0000000709800000, 0x0000000709800000, 0x0000000709a00000|  0%| F|  |TAMS 0x0000000709800000, 0x0000000709800000| Untracked 
|  50|0x0000000709a00000, 0x0000000709a00000, 0x0000000709c00000|  0%| F|  |TAMS 0x0000000709a00000, 0x0000000709a00000| Untracked 
|  51|0x0000000709c00000, 0x0000000709c00000, 0x0000000709e00000|  0%| F|  |TAMS 0x0000000709c00000, 0x0000000709c00000| Untracked 
|  52|0x0000000709e00000, 0x0000000709e00000, 0x000000070a000000|  0%| F|  |TAMS 0x0000000709e00000, 0x0000000709e00000| Untracked 
|  53|0x000000070a000000, 0x000000070a000000, 0x000000070a200000|  0%| F|  |TAMS 0x000000070a000000, 0x000000070a000000| Untracked 
|  54|0x000000070a200000, 0x000000070a200000, 0x000000070a400000|  0%| F|  |TAMS 0x000000070a200000, 0x000000070a200000| Untracked 
|  55|0x000000070a400000, 0x000000070a400000, 0x000000070a600000|  0%| F|  |TAMS 0x000000070a400000, 0x000000070a400000| Untracked 
|  56|0x000000070a600000, 0x000000070a600000, 0x000000070a800000|  0%| F|  |TAMS 0x000000070a600000, 0x000000070a600000| Untracked 
|  57|0x000000070a800000, 0x000000070a800000, 0x000000070aa00000|  0%| F|  |TAMS 0x000000070a800000, 0x000000070a800000| Untracked 
|  58|0x000000070aa00000, 0x000000070aa00000, 0x000000070ac00000|  0%| F|  |TAMS 0x000000070aa00000, 0x000000070aa00000| Untracked 
|  59|0x000000070ac00000, 0x000000070ac00000, 0x000000070ae00000|  0%| F|  |TAMS 0x000000070ac00000, 0x000000070ac00000| Untracked 
|  60|0x000000070ae00000, 0x000000070ae00000, 0x000000070b000000|  0%| F|  |TAMS 0x000000070ae00000, 0x000000070ae00000| Untracked 
|  61|0x000000070b000000, 0x000000070b000000, 0x000000070b200000|  0%| F|  |TAMS 0x000000070b000000, 0x000000070b000000| Untracked 
|  62|0x000000070b200000, 0x000000070b200000, 0x000000070b400000|  0%| F|  |TAMS 0x000000070b200000, 0x000000070b200000| Untracked 
|  63|0x000000070b400000, 0x000000070b400000, 0x000000070b600000|  0%| F|  |TAMS 0x000000070b400000, 0x000000070b400000| Untracked 
|  64|0x000000070b600000, 0x000000070b600000, 0x000000070b800000|  0%| F|  |TAMS 0x000000070b600000, 0x000000070b600000| Untracked 
|  65|0x000000070b800000, 0x000000070b800000, 0x000000070ba00000|  0%| F|  |TAMS 0x000000070b800000, 0x000000070b800000| Untracked 
|  66|0x000000070ba00000, 0x000000070ba00000, 0x000000070bc00000|  0%| F|  |TAMS 0x000000070ba00000, 0x000000070ba00000| Untracked 
|  67|0x000000070bc00000, 0x000000070bc00000, 0x000000070be00000|  0%| F|  |TAMS 0x000000070bc00000, 0x000000070bc00000| Untracked 
|  68|0x000000070be00000, 0x000000070be00000, 0x000000070c000000|  0%| F|  |TAMS 0x000000070be00000, 0x000000070be00000| Untracked 
|  69|0x000000070c000000, 0x000000070c000000, 0x000000070c200000|  0%| F|  |TAMS 0x000000070c000000, 0x000000070c000000| Untracked 
|  70|0x000000070c200000, 0x000000070c200000, 0x000000070c400000|  0%| F|  |TAMS 0x000000070c200000, 0x000000070c200000| Untracked 
|  71|0x000000070c400000, 0x000000070c400000, 0x000000070c600000|  0%| F|  |TAMS 0x000000070c400000, 0x000000070c400000| Untracked 
|  72|0x000000070c600000, 0x000000070c600000, 0x000000070c800000|  0%| F|  |TAMS 0x000000070c600000, 0x000000070c600000| Untracked 
|  73|0x000000070c800000, 0x000000070c800000, 0x000000070ca00000|  0%| F|  |TAMS 0x000000070c800000, 0x000000070c800000| Untracked 
|  74|0x000000070ca00000, 0x000000070ca00000, 0x000000070cc00000|  0%| F|  |TAMS 0x000000070ca00000, 0x000000070ca00000| Untracked 
|  75|0x000000070cc00000, 0x000000070cc00000, 0x000000070ce00000|  0%| F|  |TAMS 0x000000070cc00000, 0x000000070cc00000| Untracked 
|  76|0x000000070ce00000, 0x000000070ce00000, 0x000000070d000000|  0%| F|  |TAMS 0x000000070ce00000, 0x000000070ce00000| Untracked 
|  77|0x000000070d000000, 0x000000070d000000, 0x000000070d200000|  0%| F|  |TAMS 0x000000070d000000, 0x000000070d000000| Untracked 
|  78|0x000000070d200000, 0x000000070d200000, 0x000000070d400000|  0%| F|  |TAMS 0x000000070d200000, 0x000000070d200000| Untracked 
|  79|0x000000070d400000, 0x000000070d400000, 0x000000070d600000|  0%| F|  |TAMS 0x000000070d400000, 0x000000070d400000| Untracked 
|  80|0x000000070d600000, 0x000000070d600000, 0x000000070d800000|  0%| F|  |TAMS 0x000000070d600000, 0x000000070d600000| Untracked 
|  81|0x000000070d800000, 0x000000070d800000, 0x000000070da00000|  0%| F|  |TAMS 0x000000070d800000, 0x000000070d800000| Untracked 
|  82|0x000000070da00000, 0x000000070da00000, 0x000000070dc00000|  0%| F|  |TAMS 0x000000070da00000, 0x000000070da00000| Untracked 
|  83|0x000000070dc00000, 0x000000070dc00000, 0x000000070de00000|  0%| F|  |TAMS 0x000000070dc00000, 0x000000070dc00000| Untracked 
|  84|0x000000070de00000, 0x000000070de00000, 0x000000070e000000|  0%| F|  |TAMS 0x000000070de00000, 0x000000070de00000| Untracked 
|  85|0x000000070e000000, 0x000000070e000000, 0x000000070e200000|  0%| F|  |TAMS 0x000000070e000000, 0x000000070e000000| Untracked 
|  86|0x000000070e200000, 0x000000070e200000, 0x000000070e400000|  0%| F|  |TAMS 0x000000070e200000, 0x000000070e200000| Untracked 
|  87|0x000000070e400000, 0x000000070e400000, 0x000000070e600000|  0%| F|  |TAMS 0x000000070e400000, 0x000000070e400000| Untracked 
|  88|0x000000070e600000, 0x000000070e600000, 0x000000070e800000|  0%| F|  |TAMS 0x000000070e600000, 0x000000070e600000| Untracked 
|  89|0x000000070e800000, 0x000000070e800000, 0x000000070ea00000|  0%| F|  |TAMS 0x000000070e800000, 0x000000070e800000| Untracked 
|  90|0x000000070ea00000, 0x000000070ea00000, 0x000000070ec00000|  0%| F|  |TAMS 0x000000070ea00000, 0x000000070ea00000| Untracked 
|  91|0x000000070ec00000, 0x000000070ec00000, 0x000000070ee00000|  0%| F|  |TAMS 0x000000070ec00000, 0x000000070ec00000| Untracked 
|  92|0x000000070ee00000, 0x000000070ee00000, 0x000000070f000000|  0%| F|  |TAMS 0x000000070ee00000, 0x000000070ee00000| Untracked 
|  93|0x000000070f000000, 0x000000070f000000, 0x000000070f200000|  0%| F|  |TAMS 0x000000070f000000, 0x000000070f000000| Untracked 
|  94|0x000000070f200000, 0x000000070f200000, 0x000000070f400000|  0%| F|  |TAMS 0x000000070f200000, 0x000000070f200000| Untracked 
|  95|0x000000070f400000, 0x000000070f400000, 0x000000070f600000|  0%| F|  |TAMS 0x000000070f400000, 0x000000070f400000| Untracked 
|  96|0x000000070f600000, 0x000000070f600000, 0x000000070f800000|  0%| F|  |TAMS 0x000000070f600000, 0x000000070f600000| Untracked 
|  97|0x000000070f800000, 0x000000070f800000, 0x000000070fa00000|  0%| F|  |TAMS 0x000000070f800000, 0x000000070f800000| Untracked 
|  98|0x000000070fa00000, 0x000000070fa00000, 0x000000070fc00000|  0%| F|  |TAMS 0x000000070fa00000, 0x000000070fa00000| Untracked 
|  99|0x000000070fc00000, 0x000000070fc00000, 0x000000070fe00000|  0%| F|  |TAMS 0x000000070fc00000, 0x000000070fc00000| Untracked 
| 100|0x000000070fe00000, 0x000000070fe00000, 0x0000000710000000|  0%| F|  |TAMS 0x000000070fe00000, 0x000000070fe00000| Untracked 
| 101|0x0000000710000000, 0x0000000710000000, 0x0000000710200000|  0%| F|  |TAMS 0x0000000710000000, 0x0000000710000000| Untracked 
| 102|0x0000000710200000, 0x0000000710200000, 0x0000000710400000|  0%| F|  |TAMS 0x0000000710200000, 0x0000000710200000| Untracked 
| 103|0x0000000710400000, 0x0000000710400000, 0x0000000710600000|  0%| F|  |TAMS 0x0000000710400000, 0x0000000710400000| Untracked 
| 104|0x0000000710600000, 0x0000000710600000, 0x0000000710800000|  0%| F|  |TAMS 0x0000000710600000, 0x0000000710600000| Untracked 
| 105|0x0000000710800000, 0x0000000710800000, 0x0000000710a00000|  0%| F|  |TAMS 0x0000000710800000, 0x0000000710800000| Untracked 
| 106|0x0000000710a00000, 0x0000000710a00000, 0x0000000710c00000|  0%| F|  |TAMS 0x0000000710a00000, 0x0000000710a00000| Untracked 
| 107|0x0000000710c00000, 0x0000000710c00000, 0x0000000710e00000|  0%| F|  |TAMS 0x0000000710c00000, 0x0000000710c00000| Untracked 
| 108|0x0000000710e00000, 0x0000000710e00000, 0x0000000711000000|  0%| F|  |TAMS 0x0000000710e00000, 0x0000000710e00000| Untracked 
| 109|0x0000000711000000, 0x0000000711000000, 0x0000000711200000|  0%| F|  |TAMS 0x0000000711000000, 0x0000000711000000| Untracked 
| 110|0x0000000711200000, 0x000000071123fde0, 0x0000000711400000| 12%| E|  |TAMS 0x0000000711200000, 0x0000000711200000| Complete 
| 111|0x0000000711400000, 0x0000000711600000, 0x0000000711600000|100%| E|CS|TAMS 0x0000000711400000, 0x0000000711400000| Complete 
| 112|0x0000000711600000, 0x0000000711800000, 0x0000000711800000|100%| E|CS|TAMS 0x0000000711600000, 0x0000000711600000| Complete 
| 113|0x0000000711800000, 0x0000000711a00000, 0x0000000711a00000|100%| E|CS|TAMS 0x0000000711800000, 0x0000000711800000| Complete 
| 114|0x0000000711a00000, 0x0000000711c00000, 0x0000000711c00000|100%| E|CS|TAMS 0x0000000711a00000, 0x0000000711a00000| Complete 
| 115|0x0000000711c00000, 0x0000000711e00000, 0x0000000711e00000|100%| E|CS|TAMS 0x0000000711c00000, 0x0000000711c00000| Complete 
| 116|0x0000000711e00000, 0x0000000712000000, 0x0000000712000000|100%| E|CS|TAMS 0x0000000711e00000, 0x0000000711e00000| Complete 
| 117|0x0000000712000000, 0x0000000712200000, 0x0000000712200000|100%| E|CS|TAMS 0x0000000712000000, 0x0000000712000000| Complete 
| 118|0x0000000712200000, 0x0000000712400000, 0x0000000712400000|100%| E|CS|TAMS 0x0000000712200000, 0x0000000712200000| Complete 
| 119|0x0000000712400000, 0x0000000712501bf0, 0x0000000712600000| 50%| S|CS|TAMS 0x0000000712400000, 0x0000000712400000| Complete 
| 120|0x0000000712600000, 0x0000000712800000, 0x0000000712800000|100%| E|CS|TAMS 0x0000000712600000, 0x0000000712600000| Complete 
| 121|0x0000000712800000, 0x0000000712a00000, 0x0000000712a00000|100%| E|CS|TAMS 0x0000000712800000, 0x0000000712800000| Complete 
| 122|0x0000000712a00000, 0x0000000712c00000, 0x0000000712c00000|100%| E|  |TAMS 0x0000000712a00000, 0x0000000712a00000| Complete 
| 123|0x0000000712c00000, 0x0000000712e00000, 0x0000000712e00000|100%| E|CS|TAMS 0x0000000712c00000, 0x0000000712c00000| Complete 
| 124|0x0000000712e00000, 0x0000000713000000, 0x0000000713000000|100%| E|CS|TAMS 0x0000000712e00000, 0x0000000712e00000| Complete 
| 125|0x0000000713000000, 0x0000000713200000, 0x0000000713200000|100%| E|CS|TAMS 0x0000000713000000, 0x0000000713000000| Complete 
| 126|0x0000000713200000, 0x0000000713400000, 0x0000000713400000|100%| E|CS|TAMS 0x0000000713200000, 0x0000000713200000| Complete 

Card table byte_map: [0x0000021569b00000,0x000002156a2f0000] _byte_map_base: 0x00000215662e5000

Marking Bits (Prev, Next): (CMBitMap*) 0x000002155eae2d10, (CMBitMap*) 0x000002155eae2d50
 Prev Bits: [0x000002156aae0000, 0x000002156ea08000)
 Next Bits: [0x000002156ea10000, 0x0000021572938000)

Polling page: 0x000002155c920000

Metaspace:

Usage:
  Non-class:     11.81 MB used.
      Class:      1.99 MB used.
       Both:     13.80 MB used.

Virtual space:
  Non-class space:       64.00 MB reserved,      11.94 MB ( 19%) committed,  1 nodes.
      Class space:        1.00 GB reserved,       2.12 MB ( <1%) committed,  1 nodes.
             Both:        1.06 GB reserved,      14.06 MB (  1%) committed. 

Chunk freelists:
   Non-Class:  4.00 MB
       Class:  13.92 MB
        Both:  17.92 MB

MaxMetaspaceSize: unlimited
CompressedClassSpaceSize: 1.00 GB
Initial GC threshold: 21.00 MB
Current GC threshold: 21.00 MB
CDS: on
MetaspaceReclaimPolicy: balanced
 - commit_granule_bytes: 65536.
 - commit_granule_words: 8192.
 - virtual_space_node_default_size: 8388608.
 - enlarge_chunks_in_place: 1.
 - new_chunks_are_fully_committed: 0.
 - uncommit_free_chunks: 1.
 - use_allocation_guard: 0.
 - handle_deallocations: 1.


Internal statistics:

num_allocs_failed_limit: 0.
num_arena_births: 218.
num_arena_deaths: 0.
num_vsnodes_births: 2.
num_vsnodes_deaths: 0.
num_space_committed: 225.
num_space_uncommitted: 0.
num_chunks_returned_to_freelist: 0.
num_chunks_taken_from_freelist: 616.
num_chunk_merges: 0.
num_chunk_splits: 415.
num_chunks_enlarged: 316.
num_purges: 0.
num_inconsistent_stats: 0.

CodeCache: size=49152Kb used=5280Kb max_used=5280Kb free=43871Kb
 bounds [0x0000021566310000, 0x0000021566840000, 0x0000021569310000]
 total_blobs=2470 nmethods=1984 adapters=411
 compilation: enabled
              stopped_count=0, restarted_count=0
 full_count=0

Compilation events (20 events):
Event: 1.427 Thread 0x00000215751a1880 nmethod 1974 0x0000021566832390 code [0x00000215668325c0, 0x0000021566832b48]
Event: 1.427 Thread 0x000002157545ffb0 nmethod 1975 0x0000021566832e10 code [0x00000215668330a0, 0x0000021566833d98]
Event: 1.428 Thread 0x000002157545ffb0 1976       1       java.lang.Class::isAnnotation (17 bytes)
Event: 1.428 Thread 0x000002157545ffb0 nmethod 1976 0x0000021566834590 code [0x0000021566834720, 0x0000021566834818]
Event: 1.428 Thread 0x000002157545ffb0 1977       1       java.lang.reflect.AccessibleObject::checkPermission (16 bytes)
Event: 1.428 Thread 0x00000215754644d0 1978       1       java.lang.reflect.AccessibleObject::checkCanSetAccessible (9 bytes)
Event: 1.428 Thread 0x00000215751a1880 1979       1       java.lang.reflect.AccessibleObject::setAccessible0 (7 bytes)
Event: 1.429 Thread 0x00000215754644d0 nmethod 1978 0x0000021566834890 code [0x0000021566834a20, 0x0000021566834b08]
Event: 1.429 Thread 0x000002157545ffb0 nmethod 1977 0x0000021566834b90 code [0x0000021566834d20, 0x0000021566834e08]
Event: 1.429 Thread 0x00000215751a1880 nmethod 1979 0x0000021566834e90 code [0x0000021566835020, 0x00000215668350f8]
Event: 1.433 Thread 0x00000215751a1880 1980  s!   1       jdk.internal.loader.URLClassPath::getLoader (194 bytes)
Event: 1.434 Thread 0x00000215751a1880 nmethod 1980 0x0000021566835190 code [0x0000021566835460, 0x0000021566835ff8]
Event: 1.439 Thread 0x00000215751a1880 1981       1       jdk.internal.loader.AbstractClassLoaderValue$Sub::equals (55 bytes)
Event: 1.439 Thread 0x000002157545ffb0 1982   !   1       jdk.internal.loader.AbstractClassLoaderValue::get (21 bytes)
Event: 1.439 Thread 0x00000215751a1880 nmethod 1981 0x0000021566836a10 code [0x0000021566836bc0, 0x0000021566836e58]
Event: 1.439 Thread 0x000002157545ffb0 nmethod 1982 0x0000021566836f90 code [0x0000021566837160, 0x00000215668373a8]
Event: 1.441 Thread 0x000002157545ffb0 1983       1       java.lang.invoke.MethodType::erase (8 bytes)
Event: 1.441 Thread 0x000002157545ffb0 nmethod 1983 0x0000021566837590 code [0x0000021566837720, 0x00000215668377f8]
Event: 1.443 Thread 0x000002157545ffb0 1984       1       java.net.URI$Parser::scan (76 bytes)
Event: 1.444 Thread 0x000002157545ffb0 nmethod 1984 0x0000021566837890 code [0x0000021566837a60, 0x0000021566837dd8]

GC Heap History (4 events):
Event: 0.765 GC heap before
{Heap before GC invocations=0 (full 0):
 garbage-first heap   total 260096K, used 20480K [0x0000000703600000, 0x0000000800000000)
  region size 2048K, 10 young (20480K), 0 survivors (0K)
 Metaspace       used 5973K, committed 6208K, reserved 1114112K
  class space    used 737K, committed 832K, reserved 1048576K
}
Event: 0.770 GC heap after
{Heap after GC invocations=1 (full 0):
 garbage-first heap   total 260096K, used 9263K [0x0000000703600000, 0x0000000800000000)
  region size 2048K, 2 young (4096K), 2 survivors (4096K)
 Metaspace       used 5973K, committed 6208K, reserved 1114112K
  class space    used 737K, committed 832K, reserved 1048576K
}
Event: 1.079 GC heap before
{Heap before GC invocations=1 (full 0):
 garbage-first heap   total 260096K, used 23599K [0x0000000703600000, 0x0000000800000000)
  region size 2048K, 9 young (18432K), 2 survivors (4096K)
 Metaspace       used 8864K, committed 9088K, reserved 1114112K
  class space    used 1176K, committed 1280K, reserved 1048576K
}
Event: 1.081 GC heap after
{Heap after GC invocations=2 (full 0):
 garbage-first heap   total 260096K, used 10171K [0x0000000703600000, 0x0000000800000000)
  region size 2048K, 1 young (2048K), 1 survivors (2048K)
 Metaspace       used 8864K, committed 9088K, reserved 1114112K
  class space    used 1176K, committed 1280K, reserved 1048576K
}

Deoptimization events (2 events):
Event: 1.351 Thread 0x000002155ea76390 DEOPT PACKING pc=0x000002156680a579 sp=0x000000654f8fd620
Event: 1.351 Thread 0x000002155ea76390 DEOPT UNPACKING pc=0x0000021566362b43 sp=0x000000654f8fcb00 mode 3

Classes unloaded (0 events):
No events

Classes redefined (0 events):
No events

Internal exceptions (20 events):
Event: 1.117 Thread 0x000002155ea76390 Exception <a 'java/lang/NoSuchMethodError'{0x0000000713055938}: 'java.lang.Object java.lang.invoke.DirectMethodHandle$Holder.invokeSpecial(java.lang.Object, java.lang.Object, java.lang.Object, int, java.lang.Object)'> (0x0000000713055938) 
thrown [s\open\src\hotspot\share\interpreter\linkResolver.cpp, line 759]
Event: 1.118 Thread 0x000002155ea76390 Exception <a 'java/lang/NoSuchMethodError'{0x000000071305df98}: 'java.lang.Object java.lang.invoke.DirectMethodHandle$Holder.newInvokeSpecial(java.lang.Object, java.lang.Object, java.lang.Object, int, java.lang.Object)'> (0x000000071305df98) 
thrown [s\open\src\hotspot\share\interpreter\linkResolver.cpp, line 759]
Event: 1.119 Thread 0x000002155ea76390 Exception <a 'java/lang/NoSuchMethodError'{0x0000000713065968}: 'java.lang.Object java.lang.invoke.Invokers$Holder.linkToTargetMethod(java.lang.Object, java.lang.Object, int, java.lang.Object, java.lang.Object)'> (0x0000000713065968) 
thrown [s\open\src\hotspot\share\interpreter\linkResolver.cpp, line 759]
Event: 1.121 Thread 0x000002155ea76390 Exception <a 'java/lang/NoSuchMethodError'{0x0000000713075c58}: 'java.lang.Object java.lang.invoke.DirectMethodHandle$Holder.newInvokeSpecial(java.lang.Object, int, java.lang.Object)'> (0x0000000713075c58) 
thrown [s\open\src\hotspot\share\interpreter\linkResolver.cpp, line 759]
Event: 1.121 Thread 0x000002155ea76390 Exception <a 'java/lang/NoSuchMethodError'{0x000000071307a7a0}: 'int java.lang.invoke.DirectMethodHandle$Holder.invokeSpecialIFC(java.lang.Object, java.lang.Object, java.lang.Object, java.lang.Object)'> (0x000000071307a7a0) 
thrown [s\open\src\hotspot\share\interpreter\linkResolver.cpp, line 759]
Event: 1.140 Thread 0x000002155ea76390 Exception <a 'java/lang/NoSuchMethodError'{0x000000071315d440}: 'void java.lang.invoke.DirectMethodHandle$Holder.invokeInterface(java.lang.Object, java.lang.Object, java.lang.Object)'> (0x000000071315d440) 
thrown [s\open\src\hotspot\share\interpreter\linkResolver.cpp, line 759]
Event: 1.172 Thread 0x000002155ea76390 Exception <a 'java/lang/NoSuchMethodError'{0x0000000712ec7848}: 'void java.lang.invoke.DirectMethodHandle$Holder.invokeStatic(java.lang.Object, java.lang.Object, int)'> (0x0000000712ec7848) 
thrown [s\open\src\hotspot\share\interpreter\linkResolver.cpp, line 759]
Event: 1.174 Thread 0x000002155ea76390 Exception <a 'java/lang/NoSuchMethodError'{0x0000000712ecf6f0}: 'void java.lang.invoke.DirectMethodHandle$Holder.invokeStaticInit(java.lang.Object, java.lang.Object)'> (0x0000000712ecf6f0) 
thrown [s\open\src\hotspot\share\interpreter\linkResolver.cpp, line 759]
Event: 1.176 Thread 0x000002155ea76390 Exception <a 'java/lang/NoSuchMethodError'{0x0000000712ee15e8}: 'void java.lang.invoke.DirectMethodHandle$Holder.invokeStaticInit(java.lang.Object, java.lang.Object, java.lang.Object)'> (0x0000000712ee15e8) 
thrown [s\open\src\hotspot\share\interpreter\linkResolver.cpp, line 759]
Event: 1.180 Thread 0x000002155ea76390 Exception <a 'java/lang/NoSuchMethodError'{0x0000000712f1f690}: 'java.lang.Object java.lang.invoke.DirectMethodHandle$Holder.invokeStatic(java.lang.Object, java.lang.Object, long, java.lang.Object)'> (0x0000000712f1f690) 
thrown [s\open\src\hotspot\share\interpreter\linkResolver.cpp, line 759]
Event: 1.180 Thread 0x000002155ea76390 Exception <a 'java/lang/NoSuchMethodError'{0x0000000712f23128}: 'java.lang.Object java.lang.invoke.DirectMethodHandle$Holder.invokeStaticInit(java.lang.Object, java.lang.Object, long, java.lang.Object)'> (0x0000000712f23128) 
thrown [s\open\src\hotspot\share\interpreter\linkResolver.cpp, line 759]
Event: 1.181 Thread 0x000002155ea76390 Exception <a 'java/lang/NoSuchMethodError'{0x0000000712f29738}: 'java.lang.Object java.lang.invoke.DirectMethodHandle$Holder.newInvokeSpecial(java.lang.Object, java.lang.Object, long)'> (0x0000000712f29738) 
thrown [s\open\src\hotspot\share\interpreter\linkResolver.cpp, line 759]
Event: 1.181 Thread 0x000002155ea76390 Exception <a 'java/lang/NoSuchMethodError'{0x0000000712f2d2a8}: 'java.lang.Object java.lang.invoke.Invokers$Holder.linkToTargetMethod(java.lang.Object, long, java.lang.Object)'> (0x0000000712f2d2a8) 
thrown [s\open\src\hotspot\share\interpreter\linkResolver.cpp, line 759]
Event: 1.191 Thread 0x000002155ea76390 Exception <a 'java/lang/NoSuchMethodError'{0x0000000712f8e120}: 'void java.lang.invoke.DirectMethodHandle$Holder.invokeVirtual(java.lang.Object, java.lang.Object, java.lang.Object, java.lang.Object)'> (0x0000000712f8e120) 
thrown [s\open\src\hotspot\share\interpreter\linkResolver.cpp, line 759]
Event: 1.225 Thread 0x000002155ea76390 Exception <a 'java/lang/NoSuchMethodError'{0x0000000712d47388}: 'void java.lang.invoke.DirectMethodHandle$Holder.invokeSpecial(java.lang.Object, java.lang.Object, java.lang.Object)'> (0x0000000712d47388) 
thrown [s\open\src\hotspot\share\interpreter\linkResolver.cpp, line 759]
Event: 1.226 Thread 0x000002155ea76390 Exception <a 'java/lang/NoSuchMethodError'{0x0000000712d4d960}: 'void java.lang.invoke.DirectMethodHandle$Holder.invokeSpecial(java.lang.Object, java.lang.Object, java.lang.Object, java.lang.Object, java.lang.Object)'> (0x0000000712d4d960) 
thrown [s\open\src\hotspot\share\interpreter\linkResolver.cpp, line 759]
Event: 1.231 Thread 0x000002155ea76390 Exception <a 'java/lang/IncompatibleClassChangeError'{0x0000000712d7cae8}: Found class java.lang.Object, but interface was expected> (0x0000000712d7cae8) 
thrown [s\open\src\hotspot\share\interpreter\linkResolver.cpp, line 826]
Event: 1.319 Thread 0x000002155ea76390 Exception <a 'java/lang/NoSuchMethodError'{0x000000071231bfc8}: 'java.lang.Object java.lang.invoke.DirectMethodHandle$Holder.invokeStatic(java.lang.Object, int, java.lang.Object)'> (0x000000071231bfc8) 
thrown [s\open\src\hotspot\share\interpreter\linkResolver.cpp, line 759]
Event: 1.444 Thread 0x000002155ea76390 Exception <a 'sun/nio/fs/WindowsException'{0x0000000711518740}> (0x0000000711518740) 
thrown [s\open\src\hotspot\share\prims\jni.cpp, line 516]
Event: 1.444 Thread 0x000002155ea76390 Exception <a 'java/lang/NoSuchMethodError'{0x0000000711519de0}: 'int java.lang.invoke.DirectMethodHandle$Holder.invokeSpecial(java.lang.Object, java.lang.Object, java.lang.Object, java.lang.Object, java.lang.Object)'> (0x0000000711519de0) 
thrown [s\open\src\hotspot\share\interpreter\linkResolver.cpp, line 759]

VM Operations (20 events):
Event: 0.630 Executing VM operation: HandshakeAllThreads
Event: 0.630 Executing VM operation: HandshakeAllThreads done
Event: 0.765 Executing VM operation: G1CollectForAllocation
Event: 0.770 Executing VM operation: G1CollectForAllocation done
Event: 0.915 Executing VM operation: HandshakeAllThreads
Event: 0.915 Executing VM operation: HandshakeAllThreads done
Event: 1.078 Executing VM operation: G1CollectForAllocation
Event: 1.081 Executing VM operation: G1CollectForAllocation done
Event: 1.096 Executing VM operation: HandshakeAllThreads
Event: 1.096 Executing VM operation: HandshakeAllThreads done
Event: 1.223 Executing VM operation: HandshakeAllThreads
Event: 1.223 Executing VM operation: HandshakeAllThreads done
Event: 1.321 Executing VM operation: HandshakeAllThreads
Event: 1.321 Executing VM operation: HandshakeAllThreads done
Event: 1.397 Executing VM operation: HandshakeAllThreads
Event: 1.397 Executing VM operation: HandshakeAllThreads done
Event: 1.432 Executing VM operation: HandshakeAllThreads
Event: 1.432 Executing VM operation: HandshakeAllThreads done
Event: 1.432 Executing VM operation: ICBufferFull
Event: 1.432 Executing VM operation: ICBufferFull done

Events (20 events):
Event: 1.421 loading class java/beans/MethodRef done
Event: 1.422 loading class java/beans/SimpleBeanInfo
Event: 1.422 loading class java/beans/SimpleBeanInfo done
Event: 1.423 loading class com/sun/beans/TypeResolver
Event: 1.423 loading class com/sun/beans/TypeResolver done
Event: 1.423 loading class com/sun/beans/WeakCache
Event: 1.423 loading class com/sun/beans/WeakCache done
Event: 1.424 loading class com/sun/beans/WildcardTypeImpl
Event: 1.424 loading class com/sun/beans/WildcardTypeImpl done
Event: 1.424 loading class java/util/AbstractList$ListItr
Event: 1.424 loading class java/util/AbstractList$ListItr done
Event: 1.444 loading class java/nio/file/AccessMode
Event: 1.444 loading class java/nio/file/AccessMode done
Event: 1.445 loading class java/nio/file/FileVisitOption
Event: 1.445 loading class java/nio/file/FileVisitOption done
Event: 1.445 loading class java/nio/file/FileTreeIterator
Event: 1.445 loading class java/nio/file/FileTreeIterator done
Event: 1.445 loading class java/nio/file/FileTreeWalker
Event: 1.445 loading class java/nio/file/FileTreeWalker done
Event: 1.446 loading class java/nio/file/FileTreeWalker$DirectoryNode


Dynamic libraries:
0x00007ff761d20000 - 0x00007ff761d30000 	C:\Program Files\Java\jdk-17\bin\java.exe
0x00007ff975fb0000 - 0x00007ff9761a5000 	C:\Windows\SYSTEM32\ntdll.dll
0x00007ff974410000 - 0x00007ff9744cd000 	C:\Windows\System32\KERNEL32.DLL
0x00007ff973a20000 - 0x00007ff973ce7000 	C:\Windows\System32\KERNELBASE.dll
0x00007ff973770000 - 0x00007ff973870000 	C:\Windows\System32\ucrtbase.dll
0x00007ff958e20000 - 0x00007ff958e39000 	C:\Program Files\Java\jdk-17\bin\jli.dll
0x00007ff958da0000 - 0x00007ff958dbb000 	C:\Program Files\Java\jdk-17\bin\VCRUNTIME140.dll
0x00007ff975d40000 - 0x00007ff975dea000 	C:\Windows\System32\ADVAPI32.dll
0x00007ff974370000 - 0x00007ff97440e000 	C:\Windows\System32\msvcrt.dll
0x00007ff975df0000 - 0x00007ff975e8b000 	C:\Windows\System32\sechost.dll
0x00007ff974530000 - 0x00007ff974654000 	C:\Windows\System32\RPCRT4.dll
0x00007ff974ae0000 - 0x00007ff974c80000 	C:\Windows\System32\USER32.dll
0x00007ff961f20000 - 0x00007ff9621bb000 	C:\Windows\WinSxS\amd64_microsoft.windows.common-controls_6595b64144ccf1df_6.0.19041.488_none_ca04af081b815d21\COMCTL32.dll
0x00007ff973e20000 - 0x00007ff973e42000 	C:\Windows\System32\win32u.dll
0x00007ff975f40000 - 0x00007ff975f6a000 	C:\Windows\System32\GDI32.dll
0x00007ff973910000 - 0x00007ff973a19000 	C:\Windows\System32\gdi32full.dll
0x00007ff973870000 - 0x00007ff97390d000 	C:\Windows\System32\msvcp_win.dll
0x00007ff96da70000 - 0x00007ff96da7a000 	C:\Windows\SYSTEM32\VERSION.dll
0x00007ff974fe0000 - 0x00007ff975010000 	C:\Windows\System32\IMM32.DLL
0x00007ff96f3d0000 - 0x00007ff96f3dc000 	C:\Program Files\Java\jdk-17\bin\vcruntime140_1.dll
0x00007ff94b3b0000 - 0x00007ff94b43e000 	C:\Program Files\Java\jdk-17\bin\msvcp140.dll
0x00007ff8dc640000 - 0x00007ff8dd21e000 	C:\Program Files\Java\jdk-17\bin\server\jvm.dll
0x00007ff974f70000 - 0x00007ff974f78000 	C:\Windows\System32\PSAPI.DLL
0x00007ff95c120000 - 0x00007ff95c147000 	C:\Windows\SYSTEM32\WINMM.dll
0x00007ff96f3c0000 - 0x00007ff96f3c9000 	C:\Windows\SYSTEM32\WSOCK32.dll
0x00007ff975cb0000 - 0x00007ff975d1b000 	C:\Windows\System32\WS2_32.dll
0x00007ff971630000 - 0x00007ff971643000 	C:\Windows\SYSTEM32\kernel.appcore.dll
0x00007ff958e10000 - 0x00007ff958e1a000 	C:\Program Files\Java\jdk-17\bin\jimage.dll
0x00007ff963d30000 - 0x00007ff963f14000 	C:\Windows\SYSTEM32\DBGHELP.DLL
0x00007ff963af0000 - 0x00007ff963b1c000 	C:\Windows\SYSTEM32\dbgcore.DLL
0x00007ff9736f0000 - 0x00007ff97376f000 	C:\Windows\System32\bcryptPrimitives.dll
0x00007ff96e3d0000 - 0x00007ff96e3de000 	C:\Program Files\Java\jdk-17\bin\instrument.dll
0x00007ff946190000 - 0x00007ff9461b5000 	C:\Program Files\Java\jdk-17\bin\java.dll
0x00007ff8e09f0000 - 0x00007ff8e0ac7000 	C:\Program Files\Java\jdk-17\bin\jsvml.dll
0x00007ff9753c0000 - 0x00007ff975b01000 	C:\Windows\System32\SHELL32.dll
0x00007ff971850000 - 0x00007ff971fe3000 	C:\Windows\SYSTEM32\windows.storage.dll
0x00007ff974010000 - 0x00007ff974365000 	C:\Windows\System32\combase.dll
0x00007ff973090000 - 0x00007ff9730bc000 	C:\Windows\SYSTEM32\Wldp.dll
0x00007ff975e90000 - 0x00007ff975f3e000 	C:\Windows\System32\SHCORE.dll
0x00007ff975ba0000 - 0x00007ff975bf5000 	C:\Windows\System32\shlwapi.dll
0x00007ff973620000 - 0x00007ff973646000 	C:\Windows\SYSTEM32\profapi.dll
0x00007ff946120000 - 0x00007ff946138000 	C:\Program Files\Java\jdk-17\bin\zip.dll
0x00007ff946ce0000 - 0x00007ff946cf9000 	C:\Program Files\Java\jdk-17\bin\net.dll
0x00007ff96ea50000 - 0x00007ff96eb50000 	C:\Windows\SYSTEM32\WINHTTP.dll
0x00007ff972e10000 - 0x00007ff972e7a000 	C:\Windows\system32\mswsock.dll
0x00007ff947860000 - 0x00007ff947876000 	C:\Program Files\Java\jdk-17\bin\nio.dll
0x00007ff958dc0000 - 0x00007ff958dda000 	C:\Program Files\JetBrains\IntelliJ IDEA 2023.2.2\bin\breakgen64.dll
0x00007ff972b40000 - 0x00007ff972c0b000 	C:\Windows\SYSTEM32\DNSAPI.dll
0x00007ff972b00000 - 0x00007ff972b3b000 	C:\Windows\SYSTEM32\IPHLPAPI.DLL
0x00007ff974660000 - 0x00007ff974669000 	C:\Windows\System32\NSI.dll
0x00007ff96d260000 - 0x00007ff96d26a000 	C:\Windows\System32\rasadhlp.dll
0x00007ff96d070000 - 0x00007ff96d0ef000 	C:\Windows\System32\fwpuclnt.dll
0x00007ff973cf0000 - 0x00007ff973d17000 	C:\Windows\System32\bcrypt.dll
0x00007ff960a40000 - 0x00007ff960a4a000 	C:\Program Files\Java\jdk-17\bin\management.dll
0x00007ff958df0000 - 0x00007ff958dfb000 	C:\Program Files\Java\jdk-17\bin\management_ext.dll
0x00007ff972ff0000 - 0x00007ff973008000 	C:\Windows\SYSTEM32\CRYPTSP.dll
0x00007ff9727a0000 - 0x00007ff9727d4000 	C:\Windows\system32\rsaenh.dll
0x00007ff9735a0000 - 0x00007ff9735ce000 	C:\Windows\SYSTEM32\USERENV.dll
0x00007ff972fe0000 - 0x00007ff972fec000 	C:\Windows\SYSTEM32\CRYPTBASE.dll
0x00007ff96cc40000 - 0x00007ff96cc57000 	C:\Windows\SYSTEM32\dhcpcsvc6.DLL
0x00007ff96d380000 - 0x00007ff96d39d000 	C:\Windows\SYSTEM32\dhcpcsvc.DLL
0x00007ff94afe0000 - 0x00007ff94aff7000 	C:\Windows\system32\napinsp.dll
0x00007ff9496d0000 - 0x00007ff9496eb000 	C:\Windows\system32\pnrpnsp.dll
0x00007ff96e1e0000 - 0x00007ff96e1f5000 	C:\Windows\system32\wshbth.dll
0x00007ff96f020000 - 0x00007ff96f03d000 	C:\Windows\system32\NLAapi.dll
0x00007ff954fc0000 - 0x00007ff954fd2000 	C:\Windows\System32\winrnr.dll
0x00007ff94d950000 - 0x00007ff94d960000 	C:\Program Files\Java\jdk-17\bin\verify.dll

dbghelp: loaded successfully - version: 4.0.5 - missing functions: none
symbol engine: initialized successfully - sym options: 0x614 - pdb path: .;C:\Program Files\Java\jdk-17\bin;C:\Windows\SYSTEM32;C:\Windows\WinSxS\amd64_microsoft.windows.common-controls_6595b64144ccf1df_6.0.19041.488_none_ca04af081b815d21;C:\Program Files\Java\jdk-17\bin\server;C:\Program Files\JetBrains\IntelliJ IDEA 2023.2.2\bin

VM Arguments:
jvm_args: -XX:TieredStopAtLevel=1 -Dspring.output.ansi.enabled=always -Dcom.sun.management.jmxremote -Dspring.jmx.enabled=true -Dspring.liveBeansView.mbeanDomain -Dspring.application.admin.enabled=true -Dmanagement.endpoints.jmx.exposure.include=* -javaagent:C:\Program Files\JetBrains\IntelliJ IDEA 2023.2.2\lib\idea_rt.jar=60110:C:\Program Files\JetBrains\IntelliJ IDEA 2023.2.2\bin -Dfile.encoding=UTF-8 
java_command: lux.fm.bookingservice.AccommodationBookingServiceApplication
java_class_path (initial): C:\Users\Win10_Game_OS\IdeaProjects\booking-service\target\classes;C:\Users\Win10_Game_OS\.m2\repository\org\springframework\boot\spring-boot-starter-data-jpa\3.1.5\spring-boot-starter-data-jpa-3.1.5.jar;C:\Users\Win10_Game_OS\.m2\repository\org\springframework\boot\spring-boot-starter-aop\3.1.5\spring-boot-starter-aop-3.1.5.jar;C:\Users\Win10_Game_OS\.m2\repository\org\aspectj\aspectjweaver\1.9.20\aspectjweaver-1.9.20.jar;C:\Users\Win10_Game_OS\.m2\repository\org\springframework\boot\spring-boot-starter-jdbc\3.1.5\spring-boot-starter-jdbc-3.1.5.jar;C:\Users\Win10_Game_OS\.m2\repository\com\zaxxer\HikariCP\5.0.1\HikariCP-5.0.1.jar;C:\Users\Win10_Game_OS\.m2\repository\org\springframework\spring-jdbc\6.0.13\spring-jdbc-6.0.13.jar;C:\Users\Win10_Game_OS\.m2\repository\org\hibernate\orm\hibernate-core\6.2.13.Final\hibernate-core-6.2.13.Final.jar;C:\Users\Win10_Game_OS\.m2\repository\jakarta\persistence\jakarta.persistence-api\3.1.0\jakarta.persistence-api-3.1.0.jar;C:\Users\Win10_Game_OS\.m2\repository\jakarta\transaction\jakarta.transaction-api\2.0.1\jakarta.transaction-api-2.0.1.jar;C:\Users\Win10_Game_OS\.m2\repository\org\jboss\logging\jboss-logging\3.5.3.Final\jboss-logging-3.5.3.Final.jar;C:\Users\Win10_Game_OS\.m2\repository\org\hibernate\common\hibernate-commons-annotations\6.0.6.Final\hibernate-commons-annotations-6.0.6.Final.jar;C:\Users\Win10_Game_OS\.m2\repository\io\smallrye\jandex\3.0.5\jandex-3.0.5.jar;C:\Users\Win10_Game_OS\.m2\repository\com\fasterxml\classmate\1.5.1\classmate-1.5.1.jar;C:\Users\Win10_Game_OS\.m2\repository\net\bytebuddy\byte-buddy\1.14.9\byte-buddy-1.14.9.jar;C:\Users\Win10_Game_OS\.m2\repository\org\glassfish\jaxb\jaxb-runtime\4.0.3\jaxb-runtime-4.0.3.jar;C:\Users\Win10_Game_OS\.m2\repository\org\glassfish\jaxb\jaxb-core\4.0.3\jaxb-core-4.0.3.jar;C:\Users\Win10_Game_OS\.m2\repository\org\eclipse\angus\angus-activation\2.0.1\angus-activation-2.0.1.jar;C:\Users\Win10_Game_OS\.m2\repository\org\glassfish\jax
Launcher Type: SUN_STANDARD

[Global flags]
     intx CICompilerCount                          = 3                                         {product} {ergonomic}
     uint ConcGCThreads                            = 2                                         {product} {ergonomic}
     uint G1ConcRefinementThreads                  = 6                                         {product} {ergonomic}
   size_t G1HeapRegionSize                         = 2097152                                   {product} {ergonomic}
    uintx GCDrainStackTargetSize                   = 64                                        {product} {ergonomic}
   size_t InitialHeapSize                          = 266338304                                 {product} {ergonomic}
     bool ManagementServer                         = true                                      {product} {command line}
   size_t MarkStackSize                            = 4194304                                   {product} {ergonomic}
   size_t MaxHeapSize                              = 4238344192                                {product} {ergonomic}
   size_t MaxNewSize                               = 2541748224                                {product} {ergonomic}
   size_t MinHeapDeltaBytes                        = 2097152                                   {product} {ergonomic}
   size_t MinHeapSize                              = 8388608                                   {product} {ergonomic}
    uintx NonProfiledCodeHeapSize                  = 0                                      {pd product} {ergonomic}
     bool ProfileInterpreter                       = false                                  {pd product} {command line}
    uintx ProfiledCodeHeapSize                     = 0                                      {pd product} {ergonomic}
   size_t SoftMaxHeapSize                          = 4238344192                             {manageable} {ergonomic}
     intx TieredStopAtLevel                        = 1                                         {product} {command line}
     bool UseCompressedClassPointers               = true                           {product lp64_product} {ergonomic}
     bool UseCompressedOops                        = true                           {product lp64_product} {ergonomic}
     bool UseG1GC                                  = true                                      {product} {ergonomic}
     bool UseLargePagesIndividualAllocation        = false                                  {pd product} {ergonomic}

Logging:
Log output configuration:
 #0: stdout all=warning uptime,level,tags
 #1: stderr all=off uptime,level,tags

Environment Variables:
JAVA_HOME=C:\Program Files\Java\jdk-17
PATH=C:\Windows\System32;C:\Program Files\MySQL\MySQL Utilities 1.6\;C:\Program Files\MySQL\MySQL Shell 8.0\bin\;C:\Users\Win10_Game_OS\AppData\Local\Microsoft\WindowsApps;C:\Users\Win10_Game_OS\AppData\Local\Programs\Microsoft VS Code\bin;C:\Users\Win10_Game_OS\AppData\Local\GitHubDesktop\bin;C:\Program Files\JetBrains\IntelliJ IDEA Educational Edition 2022.2.2\bin;C:\Program Files\apache-maven-3.9.4\bin;C:\Windows\System32;C:\Program Files\JetBrains\IntelliJ IDEA 2023.2.2\bin;C:\Program Files\Java\jdk-17\bin;C:\Program Files\Git\cmd;C:\Program Files\MySQL\MySQL Shell 8.0\bin\;C:\Users\Win10_Game_OS\AppData\Local\Microsoft\WindowsApps;C:\Users\Win10_Game_OS\AppData\Local\Programs\Microsoft VS Code\bin;C:\Users\Win10_Game_OS\AppData\Local\GitHubDesktop\bin;C:\Program Files\JetBrains\IntelliJ IDEA Educational Edition 2022.2.2\bin;;C:\Program Files\apache-maven-3.9.4\bin;C:\Windows\System32;;C:\Program Files\JetBrains\IntelliJ IDEA 2023.2.2\bin;
USERNAME=Win10_Game_OS
OS=Windows_NT
PROCESSOR_IDENTIFIER=Intel64 Family 6 Model 165 Stepping 2, GenuineIntel



---------------  S Y S T E M  ---------------

OS:
 Windows 10 , 64 bit Build 19041 (10.0.19041.292)
OS uptime: 0 days 10:32 hours

CPU: total 6 (initial active 6) (6 cores per cpu, 2 threads per core) family 6 model 165 stepping 2 microcode 0xc8, cx8, cmov, fxsr, ht, mmx, 3dnowpref, sse, sse2, sse3, ssse3, sse4.1, sse4.2, popcnt, lzcnt, tsc, tscinvbit, avx, avx2, aes, erms, clmul, bmi1, bmi2, adx, fma, vzeroupper, clflush, clflushopt

Memory: 4k page, system-wide physical 16166M (414M free)
TotalPageFile size 20262M (AvailPageFile size 2M)
current process WorkingSet (physical memory assigned to process): 103M, peak: 103M
current process commit charge ("private bytes"): 363M, peak: 363M

vm_info: Java HotSpot(TM) 64-Bit Server VM (17.0.8+9-LTS-211) for windows-amd64 JRE (17.0.8+9-LTS-211), built on Jun 14 2023 10:34:31 by "mach5one" with MS VC++ 17.1 (VS2022)

END.
